[DEBUG] 17-04-2022 20:42:13 [main] InternalLoggerFactory - Using Log4J2 as the default logging framework
[DEBUG] 17-04-2022 20:42:13 [main] ResourceLeakDetector - -Dio.netty.leakDetection.level: simple
[DEBUG] 17-04-2022 20:42:13 [main] ResourceLeakDetector - -Dio.netty.leakDetection.targetRecords: 4
[DEBUG] 17-04-2022 20:42:13 [main] ResourceLeakDetectorFactory - Loaded default ResourceLeakDetector: io.netty.util.ResourceLeakDetector@12dae582
[DEBUG] 17-04-2022 20:42:13 [main] PlatformDependent0 - -Dio.netty.noUnsafe: false
[DEBUG] 17-04-2022 20:42:13 [main] PlatformDependent0 - Java version: 16
[DEBUG] 17-04-2022 20:42:13 [main] PlatformDependent0 - sun.misc.Unsafe.theUnsafe: available
[DEBUG] 17-04-2022 20:42:13 [main] PlatformDependent0 - sun.misc.Unsafe.copyMemory: available
[DEBUG] 17-04-2022 20:42:13 [main] PlatformDependent0 - java.nio.Buffer.address: available
[DEBUG] 17-04-2022 20:42:13 [main] PlatformDependent0 - direct buffer constructor: unavailable: Reflective setAccessible(true) disabled
[DEBUG] 17-04-2022 20:42:13 [main] PlatformDependent0 - java.nio.Bits.unaligned: available, true
[DEBUG] 17-04-2022 20:42:13 [main] PlatformDependent0 - jdk.internal.misc.Unsafe.allocateUninitializedArray(int): unavailable: class io.netty.util.internal.PlatformDependent0$6 cannot access class jdk.internal.misc.Unsafe (in module java.base) because module java.base does not export jdk.internal.misc to unnamed module @511baa65
[DEBUG] 17-04-2022 20:42:13 [main] PlatformDependent0 - java.nio.DirectByteBuffer.<init>(long, int): unavailable
[DEBUG] 17-04-2022 20:42:13 [main] PlatformDependent - sun.misc.Unsafe: available
[DEBUG] 17-04-2022 20:42:13 [main] PlatformDependent - maxDirectMemory: 1990197248 bytes (maybe)
[DEBUG] 17-04-2022 20:42:13 [main] PlatformDependent - -Dio.netty.tmpdir: C:\Users\ASUSTR~1\AppData\Local\Temp (java.io.tmpdir)
[DEBUG] 17-04-2022 20:42:13 [main] PlatformDependent - -Dio.netty.bitMode: 64 (sun.arch.data.model)
[DEBUG] 17-04-2022 20:42:13 [main] PlatformDependent - Platform: Windows
[DEBUG] 17-04-2022 20:42:13 [main] PlatformDependent - -Dio.netty.maxDirectMemory: -1 bytes
[DEBUG] 17-04-2022 20:42:13 [main] PlatformDependent - -Dio.netty.uninitializedArrayAllocationThreshold: -1
[DEBUG] 17-04-2022 20:42:13 [main] CleanerJava9 - java.nio.ByteBuffer.cleaner(): available
[DEBUG] 17-04-2022 20:42:13 [main] PlatformDependent - -Dio.netty.noPreferDirect: false
[DEBUG] 17-04-2022 20:42:13 [main] PlatformDependent - org.jctools-core.MpscChunkedArrayQueue: available
[DEBUG] 17-04-2022 20:42:13 [main] InternalThreadLocalMap - -Dio.netty.threadLocalMap.stringBuilder.initialSize: 1024
[DEBUG] 17-04-2022 20:42:13 [main] InternalThreadLocalMap - -Dio.netty.threadLocalMap.stringBuilder.maxSize: 4096
[DEBUG] 17-04-2022 20:42:13 [main] JdkSslContext - Default protocols (JDK): [TLSv1.3, TLSv1.2] 
[DEBUG] 17-04-2022 20:42:13 [main] JdkSslContext - Default cipher suites (JDK): [TLS_ECDHE_ECDSA_WITH_AES_256_GCM_SHA384, TLS_ECDHE_ECDSA_WITH_AES_128_GCM_SHA256, TLS_ECDHE_RSA_WITH_AES_128_GCM_SHA256, TLS_ECDHE_RSA_WITH_AES_256_GCM_SHA384, TLS_ECDHE_RSA_WITH_AES_128_CBC_SHA, TLS_ECDHE_RSA_WITH_AES_256_CBC_SHA, TLS_RSA_WITH_AES_128_GCM_SHA256, TLS_RSA_WITH_AES_128_CBC_SHA, TLS_RSA_WITH_AES_256_CBC_SHA, TLS_AES_128_GCM_SHA256, TLS_AES_256_GCM_SHA384]
[DEBUG] 17-04-2022 20:42:13 [main] MultithreadEventLoopGroup - -Dio.netty.eventLoopThreads: 32
[DEBUG] 17-04-2022 20:42:13 [main] NioEventLoop - -Dio.netty.noKeySetOptimization: false
[DEBUG] 17-04-2022 20:42:13 [main] NioEventLoop - -Dio.netty.selectorAutoRebuildThreshold: 512
[DEBUG] 17-04-2022 20:42:13 [main] PooledByteBufAllocator - -Dio.netty.allocator.numHeapArenas: 19
[DEBUG] 17-04-2022 20:42:13 [main] PooledByteBufAllocator - -Dio.netty.allocator.numDirectArenas: 19
[DEBUG] 17-04-2022 20:42:13 [main] PooledByteBufAllocator - -Dio.netty.allocator.pageSize: 8192
[DEBUG] 17-04-2022 20:42:13 [main] PooledByteBufAllocator - -Dio.netty.allocator.maxOrder: 11
[DEBUG] 17-04-2022 20:42:13 [main] PooledByteBufAllocator - -Dio.netty.allocator.chunkSize: 16777216
[DEBUG] 17-04-2022 20:42:13 [main] PooledByteBufAllocator - -Dio.netty.allocator.smallCacheSize: 256
[DEBUG] 17-04-2022 20:42:13 [main] PooledByteBufAllocator - -Dio.netty.allocator.normalCacheSize: 64
[DEBUG] 17-04-2022 20:42:13 [main] PooledByteBufAllocator - -Dio.netty.allocator.maxCachedBufferCapacity: 32768
[DEBUG] 17-04-2022 20:42:13 [main] PooledByteBufAllocator - -Dio.netty.allocator.cacheTrimInterval: 8192
[DEBUG] 17-04-2022 20:42:13 [main] PooledByteBufAllocator - -Dio.netty.allocator.cacheTrimIntervalMillis: 0
[DEBUG] 17-04-2022 20:42:13 [main] PooledByteBufAllocator - -Dio.netty.allocator.useCacheForAllThreads: true
[DEBUG] 17-04-2022 20:42:13 [main] PooledByteBufAllocator - -Dio.netty.allocator.maxCachedByteBuffersPerChunk: 1023
[DEBUG] 17-04-2022 20:42:13 [main] ByteBufUtil - -Dio.netty.allocator.type: pooled
[DEBUG] 17-04-2022 20:42:13 [main] ByteBufUtil - -Dio.netty.threadLocalDirectBufferSize: 0
[DEBUG] 17-04-2022 20:42:13 [main] ByteBufUtil - -Dio.netty.maxThreadLocalCharBufferSize: 16384
[DEBUG] 17-04-2022 20:42:13 [Forwarding newSession on session null to remote] DefaultChannelId - -Dio.netty.processId: 19156 (auto-detected)
[DEBUG] 17-04-2022 20:42:13 [Forwarding newSession on session null to remote] NetUtil - -Djava.net.preferIPv4Stack: false
[DEBUG] 17-04-2022 20:42:13 [Forwarding newSession on session null to remote] NetUtil - -Djava.net.preferIPv6Addresses: false
[DEBUG] 17-04-2022 20:42:13 [Forwarding newSession on session null to remote] NetUtilInitializations - Loopback interface: lo (Software Loopback Interface 1, 127.0.0.1)
[DEBUG] 17-04-2022 20:42:13 [Forwarding newSession on session null to remote] NetUtil - Failed to get SOMAXCONN from sysctl and file \proc\sys\net\core\somaxconn. Default: 200
[DEBUG] 17-04-2022 20:42:13 [Forwarding newSession on session null to remote] DefaultChannelId - -Dio.netty.machineId: 7c:10:c9:ff:fe:27:fa:09 (auto-detected)
[DEBUG] 17-04-2022 20:42:13 [AsyncHttpClient-1-2] AbstractByteBuf - -Dio.netty.buffer.checkAccessible: true
[DEBUG] 17-04-2022 20:42:13 [AsyncHttpClient-1-2] AbstractByteBuf - -Dio.netty.buffer.checkBounds: true
[DEBUG] 17-04-2022 20:42:13 [AsyncHttpClient-1-2] ResourceLeakDetectorFactory - Loaded default ResourceLeakDetector: io.netty.util.ResourceLeakDetector@71d9a2c9
[DEBUG] 17-04-2022 20:42:13 [AsyncHttpClient-1-2] Recycler - -Dio.netty.recycler.maxCapacityPerThread: 4096
[DEBUG] 17-04-2022 20:42:13 [AsyncHttpClient-1-2] Recycler - -Dio.netty.recycler.maxSharedCapacityFactor: 2
[DEBUG] 17-04-2022 20:42:13 [AsyncHttpClient-1-2] Recycler - -Dio.netty.recycler.linkCapacity: 16
[DEBUG] 17-04-2022 20:42:13 [AsyncHttpClient-1-2] Recycler - -Dio.netty.recycler.ratio: 8
[DEBUG] 17-04-2022 20:42:13 [AsyncHttpClient-1-2] Recycler - -Dio.netty.recycler.delayedQueue.ratio: 8
[DEBUG] 17-04-2022 20:42:16 [AsyncHttpClient-1-2] Brotli - brotli4j not in the classpath; Brotli support will be unavailable.
[INFO ] 17-04-2022 20:42:18 [main] Log - Navigate to register page
[INFO ] 17-04-2022 20:42:19 [main] Log - Register new account
[INFO ] 17-04-2022 20:42:20 [main] Log - Navigate to login page
[INFO ] 17-04-2022 20:42:20 [main] Log - Loggin with valid account
[INFO ] 17-04-2022 20:42:22 [main] Log - Compare expected URL with actual URL
[INFO ] 17-04-2022 20:42:25 [main] Log - Execute zoom in screen with 130%
[INFO ] 17-04-2022 20:42:25 [main] Log - Compare actual Welcome Guest text with expected Welcome Guest text
[INFO ] 17-04-2022 20:42:30 [main] Log - Navigate to register page
[INFO ] 17-04-2022 20:42:30 [main] Log - Register new account
[INFO ] 17-04-2022 20:42:31 [main] Log - Navigate to login page
[INFO ] 17-04-2022 20:42:32 [main] Log - Loggin with valid account
[INFO ] 17-04-2022 20:42:33 [main] Log - Compare expected URL with actual URL
[INFO ] 17-04-2022 20:42:36 [main] Log - Execute zoom in screen with 130%
[INFO ] 17-04-2022 20:42:36 [main] Log - Compare actual Welcome Guest text with expected Welcome Guest text
[INFO ] 17-04-2022 20:42:41 [main] Log - Navigate to register page
[INFO ] 17-04-2022 20:42:42 [main] Log - Register new account
[INFO ] 17-04-2022 20:42:43 [main] Log - Navigate to login page
[INFO ] 17-04-2022 20:42:43 [main] Log - Loggin with valid account
[INFO ] 17-04-2022 20:42:44 [main] Log - Compare expected URL with actual URL
[INFO ] 17-04-2022 20:42:47 [main] Log - Execute zoom in screen with 130%
[INFO ] 17-04-2022 20:42:47 [main] Log - Compare actual Welcome Guest text with expected Welcome Guest text
[INFO ] 17-04-2022 20:42:52 [main] Log - Navigate to login page
[INFO ] 17-04-2022 20:42:53 [main] Log - Login with blank 'Username' text box
[INFO ] 17-04-2022 20:42:54 [main] Log - Compare actual message error with expected message error
[INFO ] 17-04-2022 20:42:54 [main] Log - Check message error is displayed or not
[INFO ] 17-04-2022 20:42:58 [main] Log - Navigate to login page
[INFO ] 17-04-2022 20:42:59 [main] Log - Loggin with invalid password
[INFO ] 17-04-2022 20:43:00 [main] Log - Compare actual message error with expected message error
[INFO ] 17-04-2022 20:43:00 [main] Log - Check message error is displayed or not
[INFO ] 17-04-2022 20:43:05 [main] Log - Navigate to login page
[INFO ] 17-04-2022 20:43:05 [main] Log - Loggin with invalid password
[INFO ] 17-04-2022 20:43:06 [main] Log - Compare actual message error with expected message error
[INFO ] 17-04-2022 20:43:06 [main] Log - Check message error is displayed or not
[INFO ] 17-04-2022 20:43:11 [main] Log - Navigate to login page
[INFO ] 17-04-2022 20:43:11 [main] Log - Loggin with invalid password
[INFO ] 17-04-2022 20:43:12 [main] Log - Compare actual message error with expected message error
[INFO ] 17-04-2022 20:43:12 [main] Log - Check message error is displayed or not
[INFO ] 17-04-2022 20:43:17 [main] Log - Navigate to register page
[INFO ] 17-04-2022 20:43:18 [main] Log - Register new account
[INFO ] 17-04-2022 20:43:19 [main] Log - Navigate to book ticket page
[INFO ] 17-04-2022 20:43:20 [main] Log - Loggin with valid account
[INFO ] 17-04-2022 20:43:21 [main] Log - Compare actual URL with expected URL
[INFO ] 17-04-2022 20:43:25 [main] Log - Navigate to register page
[INFO ] 17-04-2022 20:43:26 [main] Log - Register new account
[INFO ] 17-04-2022 20:43:27 [main] Log - Navigate to book ticket page
[INFO ] 17-04-2022 20:43:28 [main] Log - Loggin with valid account
[INFO ] 17-04-2022 20:43:29 [main] Log - Compare actual URL with expected URL
[INFO ] 17-04-2022 20:43:34 [main] Log - Navigate to register page
[INFO ] 17-04-2022 20:43:34 [main] Log - Register new account
[INFO ] 17-04-2022 20:43:36 [main] Log - Navigate to login page
[INFO ] 17-04-2022 20:43:36 [main] Log - Repeat login with 3 time
[INFO ] 17-04-2022 20:43:38 [main] Log - Compare actual message error with expected message error
[INFO ] 17-04-2022 20:43:43 [main] Log - Navigate to register page
[INFO ] 17-04-2022 20:43:43 [main] Log - Register new account
[INFO ] 17-04-2022 20:43:44 [main] Log - Navigate to login page
[INFO ] 17-04-2022 20:43:45 [main] Log - Loggin with valid account
[INFO ] 17-04-2022 20:43:46 [main] Log - Navigate to contact page
[INFO ] 17-04-2022 20:43:47 [main] Log - Click logout tab
[INFO ] 17-04-2022 20:43:48 [main] Log - Compare actual URL with expected URL
[INFO ] 17-04-2022 20:43:48 [main] Log - Check Logout tab is appear or not
[INFO ] 17-04-2022 20:43:53 [main] Log - Navigate to register page
[INFO ] 17-04-2022 20:43:54 [main] Log - Register new account
[INFO ] 17-04-2022 20:43:55 [main] Log - Compare actual message with expected message
[INFO ] 17-04-2022 20:44:00 [main] Log - Navigate to register page
[INFO ] 17-04-2022 20:44:01 [main] Log - Register new account
[INFO ] 17-04-2022 20:44:02 [main] Log - Navigate to login page
[INFO ] 17-04-2022 20:44:03 [main] Log - Login with valid account
[INFO ] 17-04-2022 20:44:04 [main] Log - Navigate to change password page
[INFO ] 17-04-2022 20:44:05 [main] Log - Change new password
[INFO ] 17-04-2022 20:44:05 [main] Log - Compare actual message with expected message
[INFO ] 17-04-2022 20:44:10 [main] Log - Navigate to register page
[INFO ] 17-04-2022 20:44:11 [main] Log - Register new account
[INFO ] 17-04-2022 20:44:13 [main] Log - Navigate to register page
[INFO ] 17-04-2022 20:44:13 [main] Log - Register new account with email is used
[INFO ] 17-04-2022 20:44:14 [main] Log - Compare actual message error with expected message error
[INFO ] 17-04-2022 20:44:19 [main] Log - Navigate to register page
[INFO ] 17-04-2022 20:44:20 [main] Log - Register new account
[INFO ] 17-04-2022 20:44:20 [main] Log - Compare actual message error with expected message error
[INFO ] 17-04-2022 20:44:20 [main] Log - Compare actual invalid password message with expected invalid password message
[INFO ] 17-04-2022 20:44:20 [main] Log - Compare actual invalid ID message witth expected invalid ID message
[INFO ] 17-04-2022 20:44:25 [main] Log - Navigate to register page
[INFO ] 17-04-2022 20:44:26 [main] Log - Register new account
[INFO ] 17-04-2022 20:44:27 [main] Log - Navigate to login page
[INFO ] 17-04-2022 20:44:27 [main] Log - Login with valid account
[INFO ] 17-04-2022 20:44:29 [main] Log - Navigate to book ticket page
[INFO ] 17-04-2022 20:44:29 [main] Log - Execute book ticket with valid info
[INFO ] 17-04-2022 20:44:32 [main] Log - Compare actual noti with expected noti
[INFO ] 17-04-2022 20:44:33 [main] Log - Compare actual info ticket with expected info ticket
[INFO ] 17-04-2022 20:44:37 [main] Log - Navigate to register page
[INFO ] 17-04-2022 20:44:38 [main] Log - Register new account
[INFO ] 17-04-2022 20:44:39 [main] Log - Navigate to login page
[INFO ] 17-04-2022 20:44:40 [main] Log - Login with valid account
[INFO ] 17-04-2022 20:44:41 [main] Log - Navigate to book ticket page
[INFO ] 17-04-2022 20:44:41 [main] Log - Execute book ticket with valid info
[INFO ] 17-04-2022 20:44:45 [main] Log - Compare actual noti with expected noti
[INFO ] 17-04-2022 20:44:45 [main] Log - Compare actual info ticket with expected info ticket
[INFO ] 17-04-2022 20:44:49 [main] Log - Navigate to register page
[INFO ] 17-04-2022 20:44:50 [main] Log - Register new account
[INFO ] 17-04-2022 20:44:51 [main] Log - Navigate to login page
[INFO ] 17-04-2022 20:44:52 [main] Log - Loggin with valid account
[INFO ] 17-04-2022 20:44:53 [main] Log - Navigate to time table page
[INFO ] 17-04-2022 20:44:54 [main] Log - Click check ticket button
[INFO ] 17-04-2022 20:44:54 [main] Log - Compare actual title with expected title
[INFO ] 17-04-2022 20:44:54 [main] Log - Compare actual ticket price with expected ticket price
[INFO ] 17-04-2022 20:44:59 [main] Log - Navigate to register page
[INFO ] 17-04-2022 20:45:00 [main] Log - Register new account
[INFO ] 17-04-2022 20:45:01 [main] Log - Navigate to login page
[INFO ] 17-04-2022 20:45:01 [main] Log - Login with valid account
[INFO ] 17-04-2022 20:45:03 [main] Log - Navigate to book ticket page
[INFO ] 17-04-2022 20:45:03 [main] Log - Book ticket with valid info
[INFO ] 17-04-2022 20:45:06 [main] Log - Navigate to my ticket page
[INFO ] 17-04-2022 20:45:07 [main] Log - Click cancel button
[INFO ] 17-04-2022 20:45:07 [main] Log - Click 'ok' button on aleart
[DEBUG] 17-04-2022 20:46:14 [main] InternalLoggerFactory - Using Log4J2 as the default logging framework
[DEBUG] 17-04-2022 20:46:14 [main] ResourceLeakDetector - -Dio.netty.leakDetection.level: simple
[DEBUG] 17-04-2022 20:46:14 [main] ResourceLeakDetector - -Dio.netty.leakDetection.targetRecords: 4
[DEBUG] 17-04-2022 20:46:14 [main] ResourceLeakDetectorFactory - Loaded default ResourceLeakDetector: io.netty.util.ResourceLeakDetector@1080b026
[DEBUG] 17-04-2022 20:46:14 [main] PlatformDependent0 - -Dio.netty.noUnsafe: false
[DEBUG] 17-04-2022 20:46:14 [main] PlatformDependent0 - Java version: 16
[DEBUG] 17-04-2022 20:46:14 [main] PlatformDependent0 - sun.misc.Unsafe.theUnsafe: available
[DEBUG] 17-04-2022 20:46:14 [main] PlatformDependent0 - sun.misc.Unsafe.copyMemory: available
[DEBUG] 17-04-2022 20:46:14 [main] PlatformDependent0 - java.nio.Buffer.address: available
[DEBUG] 17-04-2022 20:46:14 [main] PlatformDependent0 - direct buffer constructor: unavailable: Reflective setAccessible(true) disabled
[DEBUG] 17-04-2022 20:46:14 [main] PlatformDependent0 - java.nio.Bits.unaligned: available, true
[DEBUG] 17-04-2022 20:46:14 [main] PlatformDependent0 - jdk.internal.misc.Unsafe.allocateUninitializedArray(int): unavailable: class io.netty.util.internal.PlatformDependent0$6 cannot access class jdk.internal.misc.Unsafe (in module java.base) because module java.base does not export jdk.internal.misc to unnamed module @b684286
[DEBUG] 17-04-2022 20:46:14 [main] PlatformDependent0 - java.nio.DirectByteBuffer.<init>(long, int): unavailable
[DEBUG] 17-04-2022 20:46:14 [main] PlatformDependent - sun.misc.Unsafe: available
[DEBUG] 17-04-2022 20:46:14 [main] PlatformDependent - maxDirectMemory: 1990197248 bytes (maybe)
[DEBUG] 17-04-2022 20:46:14 [main] PlatformDependent - -Dio.netty.tmpdir: C:\Users\ASUSTR~1\AppData\Local\Temp (java.io.tmpdir)
[DEBUG] 17-04-2022 20:46:14 [main] PlatformDependent - -Dio.netty.bitMode: 64 (sun.arch.data.model)
[DEBUG] 17-04-2022 20:46:14 [main] PlatformDependent - Platform: Windows
[DEBUG] 17-04-2022 20:46:14 [main] PlatformDependent - -Dio.netty.maxDirectMemory: -1 bytes
[DEBUG] 17-04-2022 20:46:14 [main] PlatformDependent - -Dio.netty.uninitializedArrayAllocationThreshold: -1
[DEBUG] 17-04-2022 20:46:14 [main] CleanerJava9 - java.nio.ByteBuffer.cleaner(): available
[DEBUG] 17-04-2022 20:46:14 [main] PlatformDependent - -Dio.netty.noPreferDirect: false
[DEBUG] 17-04-2022 20:46:14 [main] PlatformDependent - org.jctools-core.MpscChunkedArrayQueue: available
[DEBUG] 17-04-2022 20:46:14 [main] InternalThreadLocalMap - -Dio.netty.threadLocalMap.stringBuilder.initialSize: 1024
[DEBUG] 17-04-2022 20:46:14 [main] InternalThreadLocalMap - -Dio.netty.threadLocalMap.stringBuilder.maxSize: 4096
[DEBUG] 17-04-2022 20:46:14 [main] JdkSslContext - Default protocols (JDK): [TLSv1.3, TLSv1.2] 
[DEBUG] 17-04-2022 20:46:14 [main] JdkSslContext - Default cipher suites (JDK): [TLS_ECDHE_ECDSA_WITH_AES_256_GCM_SHA384, TLS_ECDHE_ECDSA_WITH_AES_128_GCM_SHA256, TLS_ECDHE_RSA_WITH_AES_128_GCM_SHA256, TLS_ECDHE_RSA_WITH_AES_256_GCM_SHA384, TLS_ECDHE_RSA_WITH_AES_128_CBC_SHA, TLS_ECDHE_RSA_WITH_AES_256_CBC_SHA, TLS_RSA_WITH_AES_128_GCM_SHA256, TLS_RSA_WITH_AES_128_CBC_SHA, TLS_RSA_WITH_AES_256_CBC_SHA, TLS_AES_128_GCM_SHA256, TLS_AES_256_GCM_SHA384]
[DEBUG] 17-04-2022 20:46:14 [main] MultithreadEventLoopGroup - -Dio.netty.eventLoopThreads: 32
[DEBUG] 17-04-2022 20:46:14 [main] NioEventLoop - -Dio.netty.noKeySetOptimization: false
[DEBUG] 17-04-2022 20:46:14 [main] NioEventLoop - -Dio.netty.selectorAutoRebuildThreshold: 512
[DEBUG] 17-04-2022 20:46:14 [main] PooledByteBufAllocator - -Dio.netty.allocator.numHeapArenas: 19
[DEBUG] 17-04-2022 20:46:14 [main] PooledByteBufAllocator - -Dio.netty.allocator.numDirectArenas: 19
[DEBUG] 17-04-2022 20:46:14 [main] PooledByteBufAllocator - -Dio.netty.allocator.pageSize: 8192
[DEBUG] 17-04-2022 20:46:14 [main] PooledByteBufAllocator - -Dio.netty.allocator.maxOrder: 11
[DEBUG] 17-04-2022 20:46:14 [main] PooledByteBufAllocator - -Dio.netty.allocator.chunkSize: 16777216
[DEBUG] 17-04-2022 20:46:14 [main] PooledByteBufAllocator - -Dio.netty.allocator.smallCacheSize: 256
[DEBUG] 17-04-2022 20:46:14 [main] PooledByteBufAllocator - -Dio.netty.allocator.normalCacheSize: 64
[DEBUG] 17-04-2022 20:46:14 [main] PooledByteBufAllocator - -Dio.netty.allocator.maxCachedBufferCapacity: 32768
[DEBUG] 17-04-2022 20:46:14 [main] PooledByteBufAllocator - -Dio.netty.allocator.cacheTrimInterval: 8192
[DEBUG] 17-04-2022 20:46:14 [main] PooledByteBufAllocator - -Dio.netty.allocator.cacheTrimIntervalMillis: 0
[DEBUG] 17-04-2022 20:46:14 [main] PooledByteBufAllocator - -Dio.netty.allocator.useCacheForAllThreads: true
[DEBUG] 17-04-2022 20:46:14 [main] PooledByteBufAllocator - -Dio.netty.allocator.maxCachedByteBuffersPerChunk: 1023
[DEBUG] 17-04-2022 20:46:14 [main] ByteBufUtil - -Dio.netty.allocator.type: pooled
[DEBUG] 17-04-2022 20:46:14 [main] ByteBufUtil - -Dio.netty.threadLocalDirectBufferSize: 0
[DEBUG] 17-04-2022 20:46:14 [main] ByteBufUtil - -Dio.netty.maxThreadLocalCharBufferSize: 16384
[DEBUG] 17-04-2022 20:46:14 [Forwarding newSession on session null to remote] DefaultChannelId - -Dio.netty.processId: 13164 (auto-detected)
[DEBUG] 17-04-2022 20:46:14 [Forwarding newSession on session null to remote] NetUtil - -Djava.net.preferIPv4Stack: false
[DEBUG] 17-04-2022 20:46:14 [Forwarding newSession on session null to remote] NetUtil - -Djava.net.preferIPv6Addresses: false
[DEBUG] 17-04-2022 20:46:14 [Forwarding newSession on session null to remote] NetUtilInitializations - Loopback interface: lo (Software Loopback Interface 1, 127.0.0.1)
[DEBUG] 17-04-2022 20:46:14 [Forwarding newSession on session null to remote] NetUtil - Failed to get SOMAXCONN from sysctl and file \proc\sys\net\core\somaxconn. Default: 200
[DEBUG] 17-04-2022 20:46:14 [Forwarding newSession on session null to remote] DefaultChannelId - -Dio.netty.machineId: 7c:10:c9:ff:fe:27:fa:09 (auto-detected)
[DEBUG] 17-04-2022 20:46:14 [AsyncHttpClient-1-2] AbstractByteBuf - -Dio.netty.buffer.checkAccessible: true
[DEBUG] 17-04-2022 20:46:14 [AsyncHttpClient-1-2] AbstractByteBuf - -Dio.netty.buffer.checkBounds: true
[DEBUG] 17-04-2022 20:46:14 [AsyncHttpClient-1-2] ResourceLeakDetectorFactory - Loaded default ResourceLeakDetector: io.netty.util.ResourceLeakDetector@bd6ae1b
[DEBUG] 17-04-2022 20:46:14 [AsyncHttpClient-1-2] Recycler - -Dio.netty.recycler.maxCapacityPerThread: 4096
[DEBUG] 17-04-2022 20:46:14 [AsyncHttpClient-1-2] Recycler - -Dio.netty.recycler.maxSharedCapacityFactor: 2
[DEBUG] 17-04-2022 20:46:14 [AsyncHttpClient-1-2] Recycler - -Dio.netty.recycler.linkCapacity: 16
[DEBUG] 17-04-2022 20:46:14 [AsyncHttpClient-1-2] Recycler - -Dio.netty.recycler.ratio: 8
[DEBUG] 17-04-2022 20:46:14 [AsyncHttpClient-1-2] Recycler - -Dio.netty.recycler.delayedQueue.ratio: 8
[DEBUG] 17-04-2022 20:46:15 [AsyncHttpClient-1-2] Brotli - brotli4j not in the classpath; Brotli support will be unavailable.
[DEBUG] 17-04-2022 20:46:15 [main] ThreadLocalRandom - -Dio.netty.initialSeedUniquifier: 0x90b13a6e88ecdbce
[INFO ] 17-04-2022 20:46:19 [main] Log - Navigate to register page
[INFO ] 17-04-2022 20:46:19 [main] Log - Register new account
[INFO ] 17-04-2022 20:46:20 [main] Log - Navigate to login page
[INFO ] 17-04-2022 20:46:21 [main] Log - Login with valid account
[INFO ] 17-04-2022 20:46:22 [main] Log - Navigate to book ticket page
[INFO ] 17-04-2022 20:46:23 [main] Log - Book ticket with valid info
[INFO ] 17-04-2022 20:46:25 [main] Log - Navigate to my ticket page
[INFO ] 17-04-2022 20:46:26 [main] Log - Click cancel button
[INFO ] 17-04-2022 20:46:26 [main] Log - Click 'ok' button on aleart
